<?xml version="1.0" encoding="UTF-8"?>
<!-- Generated by org.testng.reporters.JUnitReportReporter -->
<testsuite hostname="NCSIN04W81KT2C0" failures="0" tests="4" name="Practice.Calculator.CalculatorOpsTest" time="0.009" errors="0" timestamp="2024-05-06T12:04:45 IST" skipped="0">
  <testcase classname="Practice.Calculator.CalculatorOpsTest" name="subtractTest" time="0.001"/>
  <system-out/>
  <testcase classname="Practice.Calculator.CalculatorOpsTest" name="addTest" time="0.007"/>
  <system-out/>
  <testcase classname="Practice.Calculator.CalculatorOpsTest" name="divideTest" time="0.001"/>
  <system-out/>
  <testcase classname="Practice.Calculator.CalculatorOpsTest" name="multiplyTest" time="0.000"/>
  <system-out/>
</testsuite> <!-- Practice.Calculator.CalculatorOpsTest -->
